<?xml version="1.0" encoding="UTF-8"?>
<!-- Generated by org.testng.reporters.JUnitReportReporter -->
<testsuite hostname="DESKTOP-GGVI3GN" failures="0" tests="1" name="TestScripts.NewSearch" time="0.007" errors="0" timestamp="2022-10-20T12:54:00 IST" skipped="0">
  <testcase classname="TestScripts.NewSearch" name="SearchKPMG" time="0.007"/>
  <system-out/>
</testsuite> <!-- TestScripts.NewSearch -->
