<?xml version="1.0" encoding="UTF-8"?>
<!-- Generated by org.testng.reporters.JUnitReportReporter -->
<testsuite hostname="DESKTOP-GGVI3GN" failures="0" tests="1" name="TestScripts.Headless" time="3.805" errors="0" timestamp="2022-10-27T10:59:42 IST" skipped="0">
  <testcase classname="TestScripts.Headless" name="HeadlessTest" time="3.805"/>
  <system-out/>
</testsuite> <!-- TestScripts.Headless -->
