<?xml version="1.0" encoding="UTF-8"?>
<!-- Generated by org.testng.reporters.JUnitReportReporter -->
<testsuite hostname="DESKTOP-GGVI3GN" failures="0" tests="1" name="TestScripts.ExcelData" time="11.032" errors="0" timestamp="2022-10-26T11:18:21 IST" skipped="0">
  <testcase classname="TestScripts.ExcelData" name="validLogin" time="11.032"/>
  <system-out/>
</testsuite> <!-- TestScripts.ExcelData -->
