<?xml version="1.0" encoding="UTF-8"?>
<!-- Generated by org.testng.reporters.JUnitReportReporter -->
<testsuite hostname="DESKTOP-GGVI3GN" failures="0" tests="4" name="ParallelScripts.SampleTwo" time="0.011" errors="0" timestamp="2022-10-21T10:49:16 IST" skipped="0">
  <testcase classname="ParallelScripts.SampleTwo" name="SampletestTwo" time="0.001"/>
  <system-out/>
  <testcase classname="ParallelScripts.SampleTwo" name="SampleTestOne" time="0.003"/>
  <system-out/>
  <testcase classname="ParallelScripts.SampleTwo" name="SampletestFour" time="0.005"/>
  <system-out/>
  <testcase classname="ParallelScripts.SampleTwo" name="SampletestThree" time="0.002"/>
  <system-out/>
</testsuite> <!-- ParallelScripts.SampleTwo -->
