<?xml version="1.0" encoding="UTF-8"?>
<!-- Generated by org.testng.reporters.JUnitReportReporter -->
<testsuite hostname="DESKTOP-GGVI3GN" failures="0" tests="3" name="TestScripts.SampleThree" time="0.012" errors="0" timestamp="2022-10-21T10:49:16 IST" skipped="0">
  <testcase classname="TestScripts.SampleThree" name="SearchPlaywright" time="0.002"/>
  <system-out/>
  <testcase classname="TestScripts.SampleThree" name="SearchCypress" time="0.001"/>
  <system-out/>
  <testcase classname="TestScripts.SampleThree" name="SearchCucumber" time="0.009"/>
  <system-out/>
</testsuite> <!-- TestScripts.SampleThree -->
