<?xml version="1.0" encoding="UTF-8"?>
<!-- Generated by org.testng.reporters.JUnitReportReporter -->
<testsuite hostname="DESKTOP-GGVI3GN" failures="0" tests="10" name="ParallelScripts.MathodInvocation" time="0.086" errors="0" timestamp="2022-10-21T10:55:53 IST" skipped="0">
  <testcase classname="ParallelScripts.MathodInvocation" name="MultipleRunTest" time="0.008"/>
  <system-out/>
  <testcase classname="ParallelScripts.MathodInvocation" name="MultipleRunTest" time="0.003"/>
  <system-out/>
  <testcase classname="ParallelScripts.MathodInvocation" name="MultipleRunTest" time="0.015"/>
  <system-out/>
  <testcase classname="ParallelScripts.MathodInvocation" name="MultipleRunTest" time="0.004"/>
  <system-out/>
  <testcase classname="ParallelScripts.MathodInvocation" name="MultipleRunTest" time="0.002"/>
  <system-out/>
  <testcase classname="ParallelScripts.MathodInvocation" name="MultipleRunTest" time="0.015"/>
  <system-out/>
  <testcase classname="ParallelScripts.MathodInvocation" name="MultipleRunTest" time="0.007"/>
  <system-out/>
  <testcase classname="ParallelScripts.MathodInvocation" name="MultipleRunTest" time="0.015"/>
  <system-out/>
  <testcase classname="ParallelScripts.MathodInvocation" name="MultipleRunTest" time="0.015"/>
  <system-out/>
  <testcase classname="ParallelScripts.MathodInvocation" name="MultipleRunTest" time="0.002"/>
  <system-out/>
</testsuite> <!-- ParallelScripts.MathodInvocation -->
