<?xml version="1.0" encoding="UTF-8"?>
<!-- Generated by org.testng.reporters.JUnitReportReporter -->
<testsuite hostname="DESKTOP-GGVI3GN" failures="0" tests="4" name="ParallelScripts.SampleOne" time="0.017" errors="0" timestamp="2022-10-21T10:49:16 IST" skipped="0">
  <testcase classname="ParallelScripts.SampleOne" name="testFour" time="0.009"/>
  <system-out/>
  <testcase classname="ParallelScripts.SampleOne" name="testOne" time="0.004"/>
  <system-out/>
  <testcase classname="ParallelScripts.SampleOne" name="testTwo" time="0.002"/>
  <system-out/>
  <testcase classname="ParallelScripts.SampleOne" name="testThree" time="0.002"/>
  <system-out/>
</testsuite> <!-- ParallelScripts.SampleOne -->
